<?xml version="1.0" encoding="UTF-8"?>
<testng-results ignored="0" total="2" passed="2" failed="0" skipped="0">
  <reporter-output>
  </reporter-output>
  <suite started-at="2023-01-18T23:05:10 IST" name="Default suite" finished-at="2023-01-18T23:05:10 IST" duration-ms="136">
    <groups>
      <group name="regression">
        <method signature="SampleTestNGTest_2.simple3()[pri:0, instance:practice_maven.SampleTestNGTest_2@29d89d5d]" name="simple3" class="practice_maven.SampleTestNGTest_2"/>
        <method signature="SampleTestNGTest_2.simple4()[pri:0, instance:practice_maven.SampleTestNGTest_2@29d89d5d]" name="simple4" class="practice_maven.SampleTestNGTest_2"/>
      </group> <!-- regression -->
    </groups>
    <test started-at="2023-01-18T23:05:10 IST" name="Default test" finished-at="2023-01-18T23:05:10 IST" duration-ms="136">
      <class name="practice_maven.SampleTestNGTest_2">
        <test-method signature="simple3()[pri:0, instance:practice_maven.SampleTestNGTest_2@29d89d5d]" started-at="2023-01-18T23:05:10 IST" name="simple3" finished-at="2023-01-18T23:05:10 IST" duration-ms="21" status="PASS">
          <reporter-output>
          </reporter-output>
        </test-method> <!-- simple3 -->
        <test-method signature="simple4()[pri:0, instance:practice_maven.SampleTestNGTest_2@29d89d5d]" started-at="2023-01-18T23:05:10 IST" name="simple4" finished-at="2023-01-18T23:05:10 IST" duration-ms="4" status="PASS">
          <reporter-output>
          </reporter-output>
        </test-method> <!-- simple4 -->
      </class> <!-- practice_maven.SampleTestNGTest_2 -->
    </test> <!-- Default test -->
  </suite> <!-- Default suite -->
</testng-results>
