<?xml version="1.0" encoding="UTF-8"?>
<testng-results ignored="0" total="1" passed="1" failed="0" skipped="0">
  <reporter-output>
  </reporter-output>
  <suite started-at="2023-01-18T13:19:51 IST" name="Default suite" finished-at="2023-01-18T13:19:51 IST" duration-ms="99">
    <groups>
    </groups>
    <test started-at="2023-01-18T13:19:51 IST" name="Default test" finished-at="2023-01-18T13:19:51 IST" duration-ms="99">
      <class name="practice_maven.CreateTest">
        <test-method signature="createLogin()[pri:0, instance:practice_maven.CreateTest@2df9b86]" started-at="2023-01-18T13:19:51 IST" name="createLogin" finished-at="2023-01-18T13:19:51 IST" duration-ms="17" status="PASS">
          <reporter-output>
          </reporter-output>
        </test-method> <!-- createLogin -->
      </class> <!-- practice_maven.CreateTest -->
    </test> <!-- Default test -->
  </suite> <!-- Default suite -->
</testng-results>
