<?xml version="1.0" encoding="UTF-8"?>
<!-- Generated by org.testng.reporters.JUnitXMLReporter -->
<testsuite ignored="0" hostname="DESKTOP-HM27A8M" failures="0" tests="5" name="practice_maven" time="0.175" errors="0" timestamp="2023-01-18T12:31:14 IST">
  <testcase classname="practice_maven.CreateTest" name="createLogin" time="0.017"/>
  <testcase classname="practice_maven.SampleTestNGTest_1" name="simple1" time="0.006"/>
  <testcase classname="practice_maven.SampleTestNGTest_1" name="simple2" time="0.01"/>
  <testcase classname="practice_maven.SampleTestNGTest_2" name="simple3" time="0.006"/>
  <testcase classname="practice_maven.SampleTestNGTest_2" name="simple4" time="0.014"/>
</testsuite> <!-- practice_maven -->
