<?xml version="1.0" encoding="UTF-8"?>
<!-- Generated by org.testng.reporters.JUnitReportReporter -->
<testsuite hostname="DESKTOP-HM27A8M" failures="0" tests="2" name="practice_maven.SampleTestNGTest_2" time="0.020" errors="0" timestamp="2023-01-18T12:31:15 IST" skipped="0">
  <testcase classname="practice_maven.SampleTestNGTest_2" name="simple4" time="0.014"/>
  <system-out/>
  <testcase classname="practice_maven.SampleTestNGTest_2" name="simple3" time="0.006"/>
  <system-out/>
</testsuite> <!-- practice_maven.SampleTestNGTest_2 -->
